2025-06-08 10:25:46 WARN  [main] org.testng.xml.TestNGContentHandler - It is strongly recommended to add "<!DOCTYPE suite SYSTEM "https://testng.org/testng-1.0.dtd" >" at the top of the suite file [C:\Arc\src\test\resources\testng.xml] otherwise TestNG may fail or not work as expected.
2025-06-08 10:25:47 INFO  [main] org.testng.internal.Utils - [TestNG] Running:
  C:\Arc\src\test\resources\testng.xml

2025-06-08 10:25:48 ERROR [main] io.github.bonigarcia.wdm.online.HttpClient - Error HTTP 404 executing https://chromedriver.storage.googleapis.com/LATEST_RELEASE_136
2025-06-08 10:25:48 WARN  [main] io.github.bonigarcia.wdm.versions.VersionDetector - Exception reading https://chromedriver.storage.googleapis.com/LATEST_RELEASE_136 to get latest version of chromedriver (Error HTTP 404 executing https://chromedriver.storage.googleapis.com/LATEST_RELEASE_136)
2025-06-08 10:25:48 INFO  [main] io.github.bonigarcia.wdm.WebDriverManager - Exporting webdriver.chrome.driver as C:\Users\eamon\.cache\selenium\chromedriver\win32\114.0.5735.90\chromedriver.exe
2025-06-08 10:29:28 WARN  [main] org.testng.xml.TestNGContentHandler - It is strongly recommended to add "<!DOCTYPE suite SYSTEM "https://testng.org/testng-1.0.dtd" >" at the top of the suite file [C:\Arc\src\test\resources\testng.xml] otherwise TestNG may fail or not work as expected.
2025-06-08 10:29:29 INFO  [main] org.testng.internal.Utils - [TestNG] Running:
  C:\Arc\src\test\resources\testng.xml

2025-06-08 10:29:30 ERROR [main] io.github.bonigarcia.wdm.online.HttpClient - Error HTTP 404 executing https://chromedriver.storage.googleapis.com/LATEST_RELEASE_136
2025-06-08 10:29:30 WARN  [main] io.github.bonigarcia.wdm.versions.VersionDetector - Exception reading https://chromedriver.storage.googleapis.com/LATEST_RELEASE_136 to get latest version of chromedriver (Error HTTP 404 executing https://chromedriver.storage.googleapis.com/LATEST_RELEASE_136)
2025-06-08 10:29:30 INFO  [main] io.github.bonigarcia.wdm.WebDriverManager - Exporting webdriver.chrome.driver as C:\Users\eamon\.cache\selenium\chromedriver\win32\114.0.5735.90\chromedriver.exe
2025-06-08 10:52:49 WARN  [main] org.testng.xml.TestNGContentHandler - It is strongly recommended to add "<!DOCTYPE suite SYSTEM "https://testng.org/testng-1.0.dtd" >" at the top of the suite file [C:\Arc\src\test\resources\testng.xml] otherwise TestNG may fail or not work as expected.
2025-06-08 10:52:50 INFO  [main] org.testng.internal.Utils - [TestNG] Running:
  C:\Arc\src\test\resources\testng.xml

2025-06-08 10:52:50 INFO  [main] io.github.bonigarcia.wdm.cache.ResolutionCache - Clearing WebDriverManager resolution cache
2025-06-08 10:52:51 ERROR [main] io.github.bonigarcia.wdm.online.HttpClient - Error HTTP 404 executing https://chromedriver.storage.googleapis.com/LATEST_RELEASE_136
2025-06-08 10:52:51 WARN  [main] io.github.bonigarcia.wdm.versions.VersionDetector - Exception reading https://chromedriver.storage.googleapis.com/LATEST_RELEASE_136 to get latest version of chromedriver (Error HTTP 404 executing https://chromedriver.storage.googleapis.com/LATEST_RELEASE_136)
2025-06-08 10:52:51 INFO  [main] io.github.bonigarcia.wdm.WebDriverManager - Exporting webdriver.chrome.driver as C:\Users\eamon\.cache\selenium\chromedriver\win32\114.0.5735.90\chromedriver.exe
2025-06-08 11:08:05 WARN  [main] org.testng.xml.TestNGContentHandler - It is strongly recommended to add "<!DOCTYPE suite SYSTEM "https://testng.org/testng-1.0.dtd" >" at the top of the suite file [C:\Arc\src\test\resources\testng.xml] otherwise TestNG may fail or not work as expected.
2025-06-08 11:08:05 INFO  [main] org.testng.internal.Utils - [TestNG] Running:
  C:\Arc\src\test\resources\testng.xml

2025-06-08 11:08:05 INFO  [main] io.github.bonigarcia.wdm.cache.ResolutionCache - Clearing WebDriverManager resolution cache
2025-06-08 11:08:05 INFO  [main] io.github.bonigarcia.wdm.WebDriverManager - Reading https://chromedriver.storage.googleapis.com/ to seek chromedriver
2025-06-08 11:08:07 INFO  [main] io.github.bonigarcia.wdm.online.Downloader - Downloading https://chromedriver.storage.googleapis.com/136.0.7103.114/chromedriver_win32.zip
2025-06-08 11:08:07 ERROR [main] io.github.bonigarcia.wdm.online.HttpClient - Error HTTP 404 executing https://chromedriver.storage.googleapis.com/136.0.7103.114/chromedriver_win32.zip
2025-06-08 11:08:07 INFO  [main] io.github.bonigarcia.wdm.cache.ResolutionCache - Clearing WebDriverManager resolution cache
2025-06-08 11:08:07 WARN  [main] io.github.bonigarcia.wdm.WebDriverManager - There was an error managing chromedriver 136.0.7103.114 (Error HTTP 404 executing https://chromedriver.storage.googleapis.com/136.0.7103.114/chromedriver_win32.zip) ... trying again avoiding reading release from repository
2025-06-08 11:08:08 INFO  [main] io.github.bonigarcia.wdm.WebDriverManager - Reading https://chromedriver.storage.googleapis.com/ to seek chromedriver
2025-06-08 11:08:09 INFO  [main] io.github.bonigarcia.wdm.online.Downloader - Downloading https://chromedriver.storage.googleapis.com/114.0.5735.90/chromedriver_win32.zip
2025-06-08 11:08:09 INFO  [main] io.github.bonigarcia.wdm.online.Downloader - Extracting driver from compressed file chromedriver_win32.zip
2025-06-08 11:08:10 INFO  [main] io.github.bonigarcia.wdm.WebDriverManager - Exporting webdriver.chrome.driver as C:\Users\eamon\.cache\selenium\chromedriver\win32\114.0.5735.90\chromedriver.exe
2025-06-08 11:13:48 WARN  [main] org.testng.xml.TestNGContentHandler - It is strongly recommended to add "<!DOCTYPE suite SYSTEM "https://testng.org/testng-1.0.dtd" >" at the top of the suite file [C:\Arc\src\test\resources\testng.xml] otherwise TestNG may fail or not work as expected.
2025-06-08 11:13:49 INFO  [main] org.testng.internal.Utils - [TestNG] Running:
  C:\Arc\src\test\resources\testng.xml

2025-06-08 11:13:49 INFO  [main] io.github.bonigarcia.wdm.cache.ResolutionCache - Clearing WebDriverManager resolution cache
2025-06-08 11:13:49 INFO  [main] io.github.bonigarcia.wdm.WebDriverManager - Reading https://chromedriver.storage.googleapis.com/ to seek chromedriver
2025-06-08 11:13:50 INFO  [main] io.github.bonigarcia.wdm.online.Downloader - Downloading https://chromedriver.storage.googleapis.com/137.0.7151.68/chromedriver_win32.zip
2025-06-08 11:13:50 ERROR [main] io.github.bonigarcia.wdm.online.HttpClient - Error HTTP 404 executing https://chromedriver.storage.googleapis.com/137.0.7151.68/chromedriver_win32.zip
2025-06-08 11:13:50 INFO  [main] io.github.bonigarcia.wdm.cache.ResolutionCache - Clearing WebDriverManager resolution cache
2025-06-08 11:13:50 WARN  [main] io.github.bonigarcia.wdm.WebDriverManager - There was an error managing chromedriver 137.0.7151.68 (Error HTTP 404 executing https://chromedriver.storage.googleapis.com/137.0.7151.68/chromedriver_win32.zip) ... trying again avoiding reading release from repository
2025-06-08 11:13:51 INFO  [main] io.github.bonigarcia.wdm.WebDriverManager - Reading https://chromedriver.storage.googleapis.com/ to seek chromedriver
2025-06-08 11:13:52 INFO  [main] io.github.bonigarcia.wdm.WebDriverManager - Exporting webdriver.chrome.driver as C:\Users\eamon\.cache\selenium\chromedriver\win32\114.0.5735.90\chromedriver.exe
2025-06-08 11:18:06 WARN  [main] org.testng.xml.TestNGContentHandler - It is strongly recommended to add "<!DOCTYPE suite SYSTEM "https://testng.org/testng-1.0.dtd" >" at the top of the suite file [C:\Arc\src\test\resources\testng.xml] otherwise TestNG may fail or not work as expected.
2025-06-08 11:18:06 INFO  [main] org.testng.internal.Utils - [TestNG] Running:
  C:\Arc\src\test\resources\testng.xml

2025-06-08 11:18:07 INFO  [main] io.github.bonigarcia.wdm.cache.ResolutionCache - Clearing WebDriverManager resolution cache
2025-06-08 11:18:07 INFO  [main] io.github.bonigarcia.wdm.online.Downloader - Downloading https://storage.googleapis.com/chrome-for-testing-public/137.0.7151.68/win64/chromedriver-win64.zip
2025-06-08 11:18:09 INFO  [main] io.github.bonigarcia.wdm.online.Downloader - Extracting driver from compressed file chromedriver-win64.zip
2025-06-08 11:18:09 INFO  [main] io.github.bonigarcia.wdm.WebDriverManager - Exporting webdriver.chrome.driver as C:\Users\eamon\.cache\selenium\chromedriver\win64\137.0.7151.68\chromedriver.exe
2025-06-08 11:18:10 INFO  [main] com.worksafe.onlineinvoice.tests.BaseTest - ChromeDriver setup completed and browser launched.
2025-06-08 11:18:10 ERROR [main] com.worksafe.onlineinvoice.tests.GoogleSearchTest - Test failed due to: 
java.lang.NullPointerException
	at java.base/java.util.Objects.requireNonNull(Objects.java:221)
	at java.base/java.util.ImmutableCollections$Map1.<init>(ImmutableCollections.java:732)
	at java.base/java.util.Map.of(Map.java:1307)
	at org.openqa.selenium.remote.DriverCommand.GET(DriverCommand.java:180)
	at org.openqa.selenium.remote.RemoteWebDriver.get(RemoteWebDriver.java:300)
	at com.worksafe.onlineinvoice.tests.GoogleSearchTest.testGoogleSearch(GoogleSearchTest.java:32)
	at java.base/jdk.internal.reflect.NativeMethodAccessorImpl.invoke0(Native Method)
	at java.base/jdk.internal.reflect.NativeMethodAccessorImpl.invoke(NativeMethodAccessorImpl.java:62)
	at java.base/jdk.internal.reflect.DelegatingMethodAccessorImpl.invoke(DelegatingMethodAccessorImpl.java:43)
	at java.base/java.lang.reflect.Method.invoke(Method.java:566)
	at org.testng.internal.invokers.MethodInvocationHelper.invokeMethod(MethodInvocationHelper.java:139)
	at org.testng.internal.invokers.TestInvoker.invokeMethod(TestInvoker.java:677)
	at org.testng.internal.invokers.TestInvoker.invokeTestMethod(TestInvoker.java:221)
	at org.testng.internal.invokers.MethodRunner.runInSequence(MethodRunner.java:50)
	at org.testng.internal.invokers.TestInvoker$MethodInvocationAgent.invoke(TestInvoker.java:969)
	at org.testng.internal.invokers.TestInvoker.invokeTestMethods(TestInvoker.java:194)
	at org.testng.internal.invokers.TestMethodWorker.invokeTestMethods(TestMethodWorker.java:148)
	at org.testng.internal.invokers.TestMethodWorker.run(TestMethodWorker.java:128)
	at java.base/java.util.ArrayList.forEach(ArrayList.java:1541)
	at org.testng.TestRunner.privateRun(TestRunner.java:829)
	at org.testng.TestRunner.run(TestRunner.java:602)
	at org.testng.SuiteRunner.runTest(SuiteRunner.java:437)
	at org.testng.SuiteRunner.runSequentially(SuiteRunner.java:431)
	at org.testng.SuiteRunner.privateRun(SuiteRunner.java:391)
	at org.testng.SuiteRunner.run(SuiteRunner.java:330)
	at org.testng.SuiteRunnerWorker.runSuite(SuiteRunnerWorker.java:52)
	at org.testng.SuiteRunnerWorker.run(SuiteRunnerWorker.java:95)
	at org.testng.TestNG.runSuitesSequentially(TestNG.java:1256)
	at org.testng.TestNG.runSuitesLocally(TestNG.java:1176)
	at org.testng.TestNG.runSuites(TestNG.java:1099)
	at org.testng.TestNG.run(TestNG.java:1067)
	at org.testng.remote.AbstractRemoteTestNG.run(AbstractRemoteTestNG.java:115)
	at org.testng.remote.RemoteTestNG.initAndRun(RemoteTestNG.java:293)
	at org.testng.remote.RemoteTestNG.main(RemoteTestNG.java:91)
2025-06-08 11:18:10 INFO  [main] com.worksafe.onlineinvoice.tests.BaseTest - Test execution completed. Closing the browser.
2025-06-08 11:27:14 WARN  [main] org.testng.xml.TestNGContentHandler - It is strongly recommended to add "<!DOCTYPE suite SYSTEM "https://testng.org/testng-1.0.dtd" >" at the top of the suite file [C:\Arc\src\test\resources\testng.xml] otherwise TestNG may fail or not work as expected.
2025-06-08 11:27:15 INFO  [main] org.testng.internal.Utils - [TestNG] Running:
  C:\Arc\src\test\resources\testng.xml

2025-06-08 11:27:15 INFO  [main] io.github.bonigarcia.wdm.cache.ResolutionCache - Clearing WebDriverManager resolution cache
2025-06-08 11:27:15 INFO  [main] io.github.bonigarcia.wdm.WebDriverManager - Exporting webdriver.chrome.driver as C:\Users\eamon\.cache\selenium\chromedriver\win64\137.0.7151.68\chromedriver.exe
2025-06-08 11:27:15 INFO  [main] com.worksafe.onlineinvoice.tests.BaseTest - ChromeDriver setup completed and browser launched.
2025-06-08 11:27:16 ERROR [main] com.worksafe.onlineinvoice.tests.GoogleSearchTest - Test failed due to: 
java.lang.NullPointerException
	at java.base/java.util.Objects.requireNonNull(Objects.java:221)
	at java.base/java.util.ImmutableCollections$Map1.<init>(ImmutableCollections.java:732)
	at java.base/java.util.Map.of(Map.java:1307)
	at org.openqa.selenium.remote.DriverCommand.GET(DriverCommand.java:176)
	at org.openqa.selenium.remote.RemoteWebDriver.get(RemoteWebDriver.java:312)
	at com.worksafe.onlineinvoice.tests.GoogleSearchTest.testGoogleSearch(GoogleSearchTest.java:32)
	at java.base/jdk.internal.reflect.NativeMethodAccessorImpl.invoke0(Native Method)
	at java.base/jdk.internal.reflect.NativeMethodAccessorImpl.invoke(NativeMethodAccessorImpl.java:62)
	at java.base/jdk.internal.reflect.DelegatingMethodAccessorImpl.invoke(DelegatingMethodAccessorImpl.java:43)
	at java.base/java.lang.reflect.Method.invoke(Method.java:566)
	at org.testng.internal.invokers.MethodInvocationHelper.invokeMethod(MethodInvocationHelper.java:139)
	at org.testng.internal.invokers.TestInvoker.invokeMethod(TestInvoker.java:677)
	at org.testng.internal.invokers.TestInvoker.invokeTestMethod(TestInvoker.java:221)
	at org.testng.internal.invokers.MethodRunner.runInSequence(MethodRunner.java:50)
	at org.testng.internal.invokers.TestInvoker$MethodInvocationAgent.invoke(TestInvoker.java:969)
	at org.testng.internal.invokers.TestInvoker.invokeTestMethods(TestInvoker.java:194)
	at org.testng.internal.invokers.TestMethodWorker.invokeTestMethods(TestMethodWorker.java:148)
	at org.testng.internal.invokers.TestMethodWorker.run(TestMethodWorker.java:128)
	at java.base/java.util.ArrayList.forEach(ArrayList.java:1541)
	at org.testng.TestRunner.privateRun(TestRunner.java:829)
	at org.testng.TestRunner.run(TestRunner.java:602)
	at org.testng.SuiteRunner.runTest(SuiteRunner.java:437)
	at org.testng.SuiteRunner.runSequentially(SuiteRunner.java:431)
	at org.testng.SuiteRunner.privateRun(SuiteRunner.java:391)
	at org.testng.SuiteRunner.run(SuiteRunner.java:330)
	at org.testng.SuiteRunnerWorker.runSuite(SuiteRunnerWorker.java:52)
	at org.testng.SuiteRunnerWorker.run(SuiteRunnerWorker.java:95)
	at org.testng.TestNG.runSuitesSequentially(TestNG.java:1256)
	at org.testng.TestNG.runSuitesLocally(TestNG.java:1176)
	at org.testng.TestNG.runSuites(TestNG.java:1099)
	at org.testng.TestNG.run(TestNG.java:1067)
	at org.testng.remote.AbstractRemoteTestNG.run(AbstractRemoteTestNG.java:115)
	at org.testng.remote.RemoteTestNG.initAndRun(RemoteTestNG.java:293)
	at org.testng.remote.RemoteTestNG.main(RemoteTestNG.java:91)
2025-06-08 11:27:16 INFO  [main] com.worksafe.onlineinvoice.tests.BaseTest - Test execution completed. Closing the browser.
2025-06-08 11:34:46 WARN  [main] org.testng.xml.TestNGContentHandler - It is strongly recommended to add "<!DOCTYPE suite SYSTEM "https://testng.org/testng-1.0.dtd" >" at the top of the suite file [C:\Arc\src\test\resources\testng.xml] otherwise TestNG may fail or not work as expected.
2025-06-08 11:34:47 INFO  [main] org.testng.internal.Utils - [TestNG] Running:
  C:\Arc\src\test\resources\testng.xml

2025-06-08 11:34:47 INFO  [main] io.github.bonigarcia.wdm.cache.ResolutionCache - Clearing WebDriverManager resolution cache
2025-06-08 11:34:47 INFO  [main] io.github.bonigarcia.wdm.online.Downloader - Downloading https://storage.googleapis.com/chrome-for-testing-public/137.0.7151.69/win64/chromedriver-win64.zip
2025-06-08 11:34:49 INFO  [main] io.github.bonigarcia.wdm.online.Downloader - Extracting driver from compressed file chromedriver-win64.zip
2025-06-08 11:34:49 INFO  [main] io.github.bonigarcia.wdm.WebDriverManager - Exporting webdriver.chrome.driver as C:\Users\eamon\.cache\selenium\chromedriver\win64\137.0.7151.69\chromedriver.exe
2025-06-08 11:34:51 INFO  [main] com.worksafe.onlineinvoice.tests.BaseTest - ChromeDriver setup completed and browser launched.
2025-06-08 11:34:52 ERROR [main] com.worksafe.onlineinvoice.tests.GoogleSearchTest - Test failed due to: 
java.lang.NullPointerException
	at java.base/java.util.Objects.requireNonNull(Objects.java:221)
	at java.base/java.util.ImmutableCollections$Map1.<init>(ImmutableCollections.java:732)
	at java.base/java.util.Map.of(Map.java:1307)
	at org.openqa.selenium.remote.DriverCommand.GET(DriverCommand.java:176)
	at org.openqa.selenium.remote.RemoteWebDriver.get(RemoteWebDriver.java:312)
	at com.worksafe.onlineinvoice.tests.GoogleSearchTest.testGoogleSearch(GoogleSearchTest.java:32)
	at java.base/jdk.internal.reflect.NativeMethodAccessorImpl.invoke0(Native Method)
	at java.base/jdk.internal.reflect.NativeMethodAccessorImpl.invoke(NativeMethodAccessorImpl.java:62)
	at java.base/jdk.internal.reflect.DelegatingMethodAccessorImpl.invoke(DelegatingMethodAccessorImpl.java:43)
	at java.base/java.lang.reflect.Method.invoke(Method.java:566)
	at org.testng.internal.invokers.MethodInvocationHelper.invokeMethod(MethodInvocationHelper.java:139)
	at org.testng.internal.invokers.TestInvoker.invokeMethod(TestInvoker.java:677)
	at org.testng.internal.invokers.TestInvoker.invokeTestMethod(TestInvoker.java:221)
	at org.testng.internal.invokers.MethodRunner.runInSequence(MethodRunner.java:50)
	at org.testng.internal.invokers.TestInvoker$MethodInvocationAgent.invoke(TestInvoker.java:969)
	at org.testng.internal.invokers.TestInvoker.invokeTestMethods(TestInvoker.java:194)
	at org.testng.internal.invokers.TestMethodWorker.invokeTestMethods(TestMethodWorker.java:148)
	at org.testng.internal.invokers.TestMethodWorker.run(TestMethodWorker.java:128)
	at java.base/java.util.ArrayList.forEach(ArrayList.java:1541)
	at org.testng.TestRunner.privateRun(TestRunner.java:829)
	at org.testng.TestRunner.run(TestRunner.java:602)
	at org.testng.SuiteRunner.runTest(SuiteRunner.java:437)
	at org.testng.SuiteRunner.runSequentially(SuiteRunner.java:431)
	at org.testng.SuiteRunner.privateRun(SuiteRunner.java:391)
	at org.testng.SuiteRunner.run(SuiteRunner.java:330)
	at org.testng.SuiteRunnerWorker.runSuite(SuiteRunnerWorker.java:52)
	at org.testng.SuiteRunnerWorker.run(SuiteRunnerWorker.java:95)
	at org.testng.TestNG.runSuitesSequentially(TestNG.java:1256)
	at org.testng.TestNG.runSuitesLocally(TestNG.java:1176)
	at org.testng.TestNG.runSuites(TestNG.java:1099)
	at org.testng.TestNG.run(TestNG.java:1067)
	at org.testng.remote.AbstractRemoteTestNG.run(AbstractRemoteTestNG.java:115)
	at org.testng.remote.RemoteTestNG.initAndRun(RemoteTestNG.java:293)
	at org.testng.remote.RemoteTestNG.main(RemoteTestNG.java:91)
2025-06-08 11:34:52 INFO  [main] com.worksafe.onlineinvoice.tests.BaseTest - Test execution completed. Closing the browser.
2025-06-08 11:37:44 WARN  [main] org.testng.xml.TestNGContentHandler - It is strongly recommended to add "<!DOCTYPE suite SYSTEM "https://testng.org/testng-1.0.dtd" >" at the top of the suite file [C:\Arc\src\test\resources\testng.xml] otherwise TestNG may fail or not work as expected.
2025-06-08 11:37:44 INFO  [main] org.testng.internal.Utils - [TestNG] Running:
  C:\Arc\src\test\resources\testng.xml

2025-06-08 11:37:44 INFO  [main] io.github.bonigarcia.wdm.WebDriverManager - Exporting webdriver.chrome.driver as C:\Users\eamon\.cache\selenium\chromedriver\win64\137.0.7151.69\chromedriver.exe
2025-06-08 11:37:45 INFO  [main] com.worksafe.onlineinvoice.tests.BaseTest - ChromeDriver setup completed and browser launched.
2025-06-08 11:37:45 ERROR [main] com.worksafe.onlineinvoice.tests.GoogleSearchTest - Test failed due to: 
java.lang.NullPointerException
	at java.base/java.util.Objects.requireNonNull(Objects.java:221)
	at java.base/java.util.ImmutableCollections$Map1.<init>(ImmutableCollections.java:732)
	at java.base/java.util.Map.of(Map.java:1307)
	at org.openqa.selenium.remote.DriverCommand.GET(DriverCommand.java:176)
	at org.openqa.selenium.remote.RemoteWebDriver.get(RemoteWebDriver.java:312)
	at com.worksafe.onlineinvoice.tests.GoogleSearchTest.testGoogleSearch(GoogleSearchTest.java:32)
	at java.base/jdk.internal.reflect.NativeMethodAccessorImpl.invoke0(Native Method)
	at java.base/jdk.internal.reflect.NativeMethodAccessorImpl.invoke(NativeMethodAccessorImpl.java:62)
	at java.base/jdk.internal.reflect.DelegatingMethodAccessorImpl.invoke(DelegatingMethodAccessorImpl.java:43)
	at java.base/java.lang.reflect.Method.invoke(Method.java:566)
	at org.testng.internal.invokers.MethodInvocationHelper.invokeMethod(MethodInvocationHelper.java:139)
	at org.testng.internal.invokers.TestInvoker.invokeMethod(TestInvoker.java:677)
	at org.testng.internal.invokers.TestInvoker.invokeTestMethod(TestInvoker.java:221)
	at org.testng.internal.invokers.MethodRunner.runInSequence(MethodRunner.java:50)
	at org.testng.internal.invokers.TestInvoker$MethodInvocationAgent.invoke(TestInvoker.java:969)
	at org.testng.internal.invokers.TestInvoker.invokeTestMethods(TestInvoker.java:194)
	at org.testng.internal.invokers.TestMethodWorker.invokeTestMethods(TestMethodWorker.java:148)
	at org.testng.internal.invokers.TestMethodWorker.run(TestMethodWorker.java:128)
	at java.base/java.util.ArrayList.forEach(ArrayList.java:1541)
	at org.testng.TestRunner.privateRun(TestRunner.java:829)
	at org.testng.TestRunner.run(TestRunner.java:602)
	at org.testng.SuiteRunner.runTest(SuiteRunner.java:437)
	at org.testng.SuiteRunner.runSequentially(SuiteRunner.java:431)
	at org.testng.SuiteRunner.privateRun(SuiteRunner.java:391)
	at org.testng.SuiteRunner.run(SuiteRunner.java:330)
	at org.testng.SuiteRunnerWorker.runSuite(SuiteRunnerWorker.java:52)
	at org.testng.SuiteRunnerWorker.run(SuiteRunnerWorker.java:95)
	at org.testng.TestNG.runSuitesSequentially(TestNG.java:1256)
	at org.testng.TestNG.runSuitesLocally(TestNG.java:1176)
	at org.testng.TestNG.runSuites(TestNG.java:1099)
	at org.testng.TestNG.run(TestNG.java:1067)
	at org.testng.remote.AbstractRemoteTestNG.run(AbstractRemoteTestNG.java:115)
	at org.testng.remote.RemoteTestNG.initAndRun(RemoteTestNG.java:293)
	at org.testng.remote.RemoteTestNG.main(RemoteTestNG.java:91)
2025-06-08 11:37:45 INFO  [main] com.worksafe.onlineinvoice.tests.BaseTest - Test execution completed. Closing the browser.
2025-06-08 11:40:55 WARN  [main] org.testng.xml.TestNGContentHandler - It is strongly recommended to add "<!DOCTYPE suite SYSTEM "https://testng.org/testng-1.0.dtd" >" at the top of the suite file [C:\Arc\src\test\resources\testng.xml] otherwise TestNG may fail or not work as expected.
2025-06-08 11:40:55 INFO  [main] org.testng.internal.Utils - [TestNG] Running:
  C:\Arc\src\test\resources\testng.xml

2025-06-08 11:40:55 INFO  [main] io.github.bonigarcia.wdm.WebDriverManager - Exporting webdriver.chrome.driver as C:\Users\eamon\.cache\selenium\chromedriver\win64\137.0.7151.69\chromedriver.exe
2025-06-08 11:40:56 INFO  [main] com.worksafe.onlineinvoice.tests.BaseTest - ChromeDriver setup completed and browser launched.
2025-06-08 11:40:56 ERROR [main] com.worksafe.onlineinvoice.tests.GoogleSearchTest - Test failed due to: 
java.lang.NullPointerException
	at java.base/java.util.Objects.requireNonNull(Objects.java:221)
	at java.base/java.util.ImmutableCollections$Map1.<init>(ImmutableCollections.java:732)
	at java.base/java.util.Map.of(Map.java:1307)
	at org.openqa.selenium.remote.DriverCommand.GET(DriverCommand.java:176)
	at org.openqa.selenium.remote.RemoteWebDriver.get(RemoteWebDriver.java:312)
	at com.worksafe.onlineinvoice.tests.GoogleSearchTest.testGoogleSearch(GoogleSearchTest.java:32)
	at java.base/jdk.internal.reflect.NativeMethodAccessorImpl.invoke0(Native Method)
	at java.base/jdk.internal.reflect.NativeMethodAccessorImpl.invoke(NativeMethodAccessorImpl.java:62)
	at java.base/jdk.internal.reflect.DelegatingMethodAccessorImpl.invoke(DelegatingMethodAccessorImpl.java:43)
	at java.base/java.lang.reflect.Method.invoke(Method.java:566)
	at org.testng.internal.invokers.MethodInvocationHelper.invokeMethod(MethodInvocationHelper.java:139)
	at org.testng.internal.invokers.TestInvoker.invokeMethod(TestInvoker.java:677)
	at org.testng.internal.invokers.TestInvoker.invokeTestMethod(TestInvoker.java:221)
	at org.testng.internal.invokers.MethodRunner.runInSequence(MethodRunner.java:50)
	at org.testng.internal.invokers.TestInvoker$MethodInvocationAgent.invoke(TestInvoker.java:969)
	at org.testng.internal.invokers.TestInvoker.invokeTestMethods(TestInvoker.java:194)
	at org.testng.internal.invokers.TestMethodWorker.invokeTestMethods(TestMethodWorker.java:148)
	at org.testng.internal.invokers.TestMethodWorker.run(TestMethodWorker.java:128)
	at java.base/java.util.ArrayList.forEach(ArrayList.java:1541)
	at org.testng.TestRunner.privateRun(TestRunner.java:829)
	at org.testng.TestRunner.run(TestRunner.java:602)
	at org.testng.SuiteRunner.runTest(SuiteRunner.java:437)
	at org.testng.SuiteRunner.runSequentially(SuiteRunner.java:431)
	at org.testng.SuiteRunner.privateRun(SuiteRunner.java:391)
	at org.testng.SuiteRunner.run(SuiteRunner.java:330)
	at org.testng.SuiteRunnerWorker.runSuite(SuiteRunnerWorker.java:52)
	at org.testng.SuiteRunnerWorker.run(SuiteRunnerWorker.java:95)
	at org.testng.TestNG.runSuitesSequentially(TestNG.java:1256)
	at org.testng.TestNG.runSuitesLocally(TestNG.java:1176)
	at org.testng.TestNG.runSuites(TestNG.java:1099)
	at org.testng.TestNG.run(TestNG.java:1067)
	at org.testng.remote.AbstractRemoteTestNG.run(AbstractRemoteTestNG.java:115)
	at org.testng.remote.RemoteTestNG.initAndRun(RemoteTestNG.java:293)
	at org.testng.remote.RemoteTestNG.main(RemoteTestNG.java:91)
2025-06-08 11:40:56 INFO  [main] com.worksafe.onlineinvoice.tests.BaseTest - Test execution completed. Closing the browser.
2025-06-08 11:41:59 WARN  [main] org.testng.xml.TestNGContentHandler - It is strongly recommended to add "<!DOCTYPE suite SYSTEM "https://testng.org/testng-1.0.dtd" >" at the top of the suite file [C:\Arc\src\test\resources\testng.xml] otherwise TestNG may fail or not work as expected.
2025-06-08 11:41:59 INFO  [main] org.testng.internal.Utils - [TestNG] Running:
  C:\Arc\src\test\resources\testng.xml

2025-06-08 11:41:59 INFO  [main] io.github.bonigarcia.wdm.WebDriverManager - Exporting webdriver.chrome.driver as C:\Users\eamon\.cache\selenium\chromedriver\win64\137.0.7151.69\chromedriver.exe
2025-06-08 11:42:00 INFO  [main] com.worksafe.onlineinvoice.tests.BaseTest - ChromeDriver setup completed and browser launched.
2025-06-08 11:42:00 ERROR [main] com.worksafe.onlineinvoice.tests.GoogleSearchTest - Test failed due to: 
java.lang.NullPointerException
	at java.base/java.util.Objects.requireNonNull(Objects.java:221)
	at java.base/java.util.ImmutableCollections$Map1.<init>(ImmutableCollections.java:732)
	at java.base/java.util.Map.of(Map.java:1307)
	at org.openqa.selenium.remote.DriverCommand.GET(DriverCommand.java:176)
	at org.openqa.selenium.remote.RemoteWebDriver.get(RemoteWebDriver.java:312)
	at com.worksafe.onlineinvoice.tests.GoogleSearchTest.testGoogleSearch(GoogleSearchTest.java:32)
	at java.base/jdk.internal.reflect.NativeMethodAccessorImpl.invoke0(Native Method)
	at java.base/jdk.internal.reflect.NativeMethodAccessorImpl.invoke(NativeMethodAccessorImpl.java:62)
	at java.base/jdk.internal.reflect.DelegatingMethodAccessorImpl.invoke(DelegatingMethodAccessorImpl.java:43)
	at java.base/java.lang.reflect.Method.invoke(Method.java:566)
	at org.testng.internal.invokers.MethodInvocationHelper.invokeMethod(MethodInvocationHelper.java:139)
	at org.testng.internal.invokers.TestInvoker.invokeMethod(TestInvoker.java:677)
	at org.testng.internal.invokers.TestInvoker.invokeTestMethod(TestInvoker.java:221)
	at org.testng.internal.invokers.MethodRunner.runInSequence(MethodRunner.java:50)
	at org.testng.internal.invokers.TestInvoker$MethodInvocationAgent.invoke(TestInvoker.java:969)
	at org.testng.internal.invokers.TestInvoker.invokeTestMethods(TestInvoker.java:194)
	at org.testng.internal.invokers.TestMethodWorker.invokeTestMethods(TestMethodWorker.java:148)
	at org.testng.internal.invokers.TestMethodWorker.run(TestMethodWorker.java:128)
	at java.base/java.util.ArrayList.forEach(ArrayList.java:1541)
	at org.testng.TestRunner.privateRun(TestRunner.java:829)
	at org.testng.TestRunner.run(TestRunner.java:602)
	at org.testng.SuiteRunner.runTest(SuiteRunner.java:437)
	at org.testng.SuiteRunner.runSequentially(SuiteRunner.java:431)
	at org.testng.SuiteRunner.privateRun(SuiteRunner.java:391)
	at org.testng.SuiteRunner.run(SuiteRunner.java:330)
	at org.testng.SuiteRunnerWorker.runSuite(SuiteRunnerWorker.java:52)
	at org.testng.SuiteRunnerWorker.run(SuiteRunnerWorker.java:95)
	at org.testng.TestNG.runSuitesSequentially(TestNG.java:1256)
	at org.testng.TestNG.runSuitesLocally(TestNG.java:1176)
	at org.testng.TestNG.runSuites(TestNG.java:1099)
	at org.testng.TestNG.run(TestNG.java:1067)
	at org.testng.remote.AbstractRemoteTestNG.run(AbstractRemoteTestNG.java:115)
	at org.testng.remote.RemoteTestNG.initAndRun(RemoteTestNG.java:293)
	at org.testng.remote.RemoteTestNG.main(RemoteTestNG.java:91)
2025-06-08 11:42:00 INFO  [main] com.worksafe.onlineinvoice.tests.BaseTest - Test execution completed. Closing the browser.
2025-06-08 11:56:47 WARN  [main] org.testng.xml.TestNGContentHandler - It is strongly recommended to add "<!DOCTYPE suite SYSTEM "https://testng.org/testng-1.0.dtd" >" at the top of the suite file [C:\Arc\src\test\resources\testng.xml] otherwise TestNG may fail or not work as expected.
2025-06-08 11:56:47 INFO  [main] org.testng.internal.Utils - [TestNG] Running:
  C:\Arc\src\test\resources\testng.xml

2025-06-08 11:56:47 INFO  [main] io.github.bonigarcia.wdm.WebDriverManager - Exporting webdriver.chrome.driver as C:\Users\eamon\.cache\selenium\chromedriver\win64\137.0.7151.69\chromedriver.exe
2025-06-08 11:56:48 INFO  [main] com.worksafe.onlineinvoice.tests.BaseTest - ChromeDriver setup completed and browser launched.
2025-06-08 11:56:51 INFO  [main] com.worksafe.onlineinvoice.tests.BaseTest - Test execution completed. Closing the browser.
2025-06-08 12:03:07 WARN  [main] org.testng.xml.TestNGContentHandler - It is strongly recommended to add "<!DOCTYPE suite SYSTEM "https://testng.org/testng-1.0.dtd" >" at the top of the suite file [C:\Arc\src\test\resources\testng.xml] otherwise TestNG may fail or not work as expected.
2025-06-08 12:03:07 INFO  [main] org.testng.internal.Utils - [TestNG] Running:
  C:\Arc\src\test\resources\testng.xml

2025-06-08 12:03:07 INFO  [main] io.github.bonigarcia.wdm.WebDriverManager - Exporting webdriver.chrome.driver as C:\Users\eamon\.cache\selenium\chromedriver\win64\137.0.7151.69\chromedriver.exe
2025-06-08 12:03:08 INFO  [main] com.worksafe.onlineinvoice.tests.BaseTest - ChromeDriver setup completed and browser launched.
2025-06-08 12:03:11 INFO  [main] com.worksafe.onlineinvoice.tests.GoogleSearchTest - Search term found in the page title.
2025-06-08 12:03:11 DEBUG [main] com.worksafe.onlineinvoice.tests.GoogleSearchTest - Page title: https://www.google.com/search?q=Cheese&sca_esv=5c64924816aca7e9&source=hp&ei=XO9EaMaxOIjeseMPt8f_4AE&iflsig=AOw8s4IAAAAAaET9bDDFcsGFe_YmgTe6LlkGacPPvYFC&sei=Xe9EaOOdK8_useMPqLOp-Qw
2025-06-08 12:03:11 INFO  [main] com.worksafe.onlineinvoice.tests.BaseTest - Test execution completed. Closing the browser.
